<?xml version="1.0" encoding="UTF-8"?>
<!-- Generated by org.testng.reporters.JUnitReportReporter -->
<testsuite hostname="DESKTOP-OB1OE1J" failures="0" tests="1" name="functionalities.CheckOut" time="2.772" errors="0" timestamp="2023-08-12T10:00:11 IST" skipped="0">
  <testcase classname="functionalities.CheckOut" name="checkOut" time="2.772"/>
  <system-out/>
</testsuite> <!-- functionalities.CheckOut -->
